<?xml version="1.0" encoding="UTF-8"?>
<!-- Generated by org.testng.reporters.JUnitReportReporter -->
<testsuite hostname="DESKTOP-58I4PAT" failures="0" tests="4" name="com.amazon.tests.AmazonHomePageTest" time="7.909" errors="1" timestamp="17 Aug 2024 06:05:35 GMT" skipped="0">
  <testcase classname="com.amazon.tests.AmazonHomePageTest" name="tearDown" time="0.702">
    <error message="Failed to read message from driver, pipe closed." type="com.microsoft.playwright.PlaywrightException">
      <![CDATA[com.microsoft.playwright.PlaywrightException: Failed to read message from driver, pipe closed.
at com.microsoft.playwright.impl.PipeTransport.poll(PipeTransport.java:75)
at com.microsoft.playwright.impl.Connection.processOneMessage(Connection.java:202)
at com.microsoft.playwright.impl.ChannelOwner.runUntil(ChannelOwner.java:101)
at com.microsoft.playwright.impl.Connection.sendMessage(Connection.java:115)
at com.microsoft.playwright.impl.ChannelOwner.sendMessage(ChannelOwner.java:94)
at com.microsoft.playwright.impl.ChannelOwner.sendMessage(ChannelOwner.java:90)
at com.microsoft.playwright.impl.BrowserImpl.closeImpl(BrowserImpl.java:77)
at com.microsoft.playwright.impl.BrowserImpl.lambda$close$0(BrowserImpl.java:64)
at com.microsoft.playwright.impl.LoggingSupport.lambda$withLogging$0(LoggingSupport.java:36)
at com.microsoft.playwright.impl.LoggingSupport.withLogging(LoggingSupport.java:47)
at com.microsoft.playwright.impl.ChannelOwner.withLogging(ChannelOwner.java:79)
at com.microsoft.playwright.impl.LoggingSupport.withLogging(LoggingSupport.java:35)
at com.microsoft.playwright.impl.BrowserImpl.close(BrowserImpl.java:64)
at com.amazon.base.BaseTest.tearDown(BaseTest.java:40)
at java.base/jdk.internal.reflect.DirectMethodHandleAccessor.invoke(DirectMethodHandleAccessor.java:104)
at java.base/java.lang.reflect.Method.invoke(Method.java:577)
at org.testng.internal.MethodInvocationHelper.invokeMethod(MethodInvocationHelper.java:124)
at org.testng.internal.MethodInvocationHelper.invokeMethodConsideringTimeout(MethodInvocationHelper.java:59)
at org.testng.internal.Invoker.invokeConfigurationMethod(Invoker.java:458)
at org.testng.internal.Invoker.invokeConfigurations(Invoker.java:222)
at org.testng.internal.Invoker.invokeConfigurations(Invoker.java:142)
at org.testng.TestRunner.afterRun(TestRunner.java:725)
at org.testng.TestRunner.run(TestRunner.java:509)
at org.testng.SuiteRunner.runTest(SuiteRunner.java:455)
at org.testng.SuiteRunner.access$000(SuiteRunner.java:40)
at org.testng.SuiteRunner$SuiteWorker.run(SuiteRunner.java:489)
at org.testng.internal.thread.ThreadUtil$1.call(ThreadUtil.java:52)
at java.base/java.util.concurrent.FutureTask.run(FutureTask.java:264)
at java.base/java.util.concurrent.ThreadPoolExecutor.runWorker(ThreadPoolExecutor.java:1136)
at java.base/java.util.concurrent.ThreadPoolExecutor$Worker.run(ThreadPoolExecutor.java:635)
at java.base/java.lang.Thread.run(Thread.java:833)
Caused by: java.io.EOFException
at com.microsoft.playwright.impl.ReaderThread.readIntLE(PipeTransport.java:110)
at com.microsoft.playwright.impl.ReaderThread.readMessage(PipeTransport.java:139)
at com.microsoft.playwright.impl.ReaderThread.run(PipeTransport.java:125)
]]>
    </error>
  </testcase> <!-- tearDown -->
  <testcase classname="com.amazon.tests.AmazonHomePageTest" name="searchTest" time="7.089"/>
  <testcase classname="com.amazon.tests.AmazonHomePageTest" name="homePageTitleTest" time="0.115"/>
  <testcase classname="com.amazon.tests.AmazonHomePageTest" name="homePageURLTest" time="0.003"/>
</testsuite> <!-- com.amazon.tests.AmazonHomePageTest -->
